<?xml version="1.0" encoding="UTF-8"?>
<!-- Generated by org.testng.reporters.JUnitXMLReporter -->
<testsuite hostname="sureifyadmin-Inspiron-15-3567" ignored="1" name="Default test" tests="1" failures="0" timestamp="05 Mar 2019 11:21:56 GMT" time="716.708" errors="0">
  <testcase name="continueToApplication" time="708.949" classname="com.lco.qa.testcases.ActionPageTest"/>
  <testcase name="actionPageTitleTest" time="0.0" classname="com.lco.qa.testcases.ActionPageTest">
    <ignored/>
  </testcase> <!-- actionPageTitleTest -->
</testsuite> <!-- Default test -->
