<?xml version="1.0" encoding="UTF-8"?>
<!-- Generated by org.testng.reporters.JUnitXMLReporter -->
<testsuite hostname="sureifyadmin-Inspiron-15-3567" ignored="3" name="Default test" tests="1" failures="0" timestamp="22 Oct 2019 06:24:20 GMT" time="833.489" errors="0">
  <testcase name="loginTest" time="761.322" classname="com.lco.qa.testcases.CustomerQuoteTest"/>
  <testcase name="selfQuote" time="0.0" classname="com.lco.qa.testcases.CustomerQuoteTest">
    <ignored/>
  </testcase> <!-- selfQuote -->
  <testcase name="actionPageTitleTest" time="0.0" classname="com.lco.qa.testcases.CustomerQuoteTest">
    <ignored/>
  </testcase> <!-- actionPageTitleTest -->
  <testcase name="continueToApplication" time="0.0" classname="com.lco.qa.testcases.CustomerQuoteTest">
    <ignored/>
  </testcase> <!-- continueToApplication -->
</testsuite> <!-- Default test -->
