<?xml version="1.0" encoding="UTF-8"?>
<testng-results skipped="0" failed="1" ignored="1" total="3" passed="1">
  <reporter-output>
  </reporter-output>
  <suite name="Default suite" duration-ms="1229898" started-at="2019-03-23T23:10:12Z" finished-at="2019-03-23T23:30:42Z">
    <groups>
    </groups>
    <test name="Default test" duration-ms="1229898" started-at="2019-03-23T23:10:12Z" finished-at="2019-03-23T23:30:42Z">
      <class name="com.lco.qa.testcases.AgentWebHomeTest">
        <test-method status="PASS" signature="setup()[pri:0, instance:com.lco.qa.testcases.AgentWebHomeTest@424e1977]" name="setup" is-config="true" duration-ms="5465" started-at="2019-03-23T23:10:14Z" finished-at="2019-03-23T23:10:20Z">
          <reporter-output>
          </reporter-output>
        </test-method> <!-- setup -->
        <test-method status="PASS" signature="agentQuote(java.lang.String, java.lang.String, java.lang.String, java.lang.String, java.lang.String, java.lang.String, java.lang.String, java.lang.String, java.lang.String, java.lang.String, java.lang.String, java.lang.String)[pri:0, instance:com.lco.qa.testcases.AgentWebHomeTest@424e1977]" name="agentQuote" duration-ms="1190939" started-at="2019-03-23T23:10:20Z" data-provider="getData" finished-at="2019-03-23T23:30:10Z">
          <params>
            <param index="0">
              <value>
                <![CDATA[1.0]]>
              </value>
            </param>
            <param index="1">
              <value>
                <![CDATA[Yug]]>
              </value>
            </param>
            <param index="2">
              <value>
                <![CDATA[05.01.1988]]>
              </value>
            </param>
            <param index="3">
              <value>
                <![CDATA[Male]]>
              </value>
            </param>
            <param index="4">
              <value>
                <![CDATA[Arkansas]]>
              </value>
            </param>
            <param index="5">
              <value>
                <![CDATA[Yes]]>
              </value>
            </param>
            <param index="6">
              <value>
                <![CDATA[Fair]]>
              </value>
            </param>
            <param index="7">
              <value>
                <![CDATA[Agent]]>
              </value>
            </param>
            <param index="8">
              <value>
                <![CDATA[Velocity]]>
              </value>
            </param>
            <param index="9">
              <value>
                <![CDATA[Complete the application]]>
              </value>
            </param>
            <param index="10">
              <value>
                <![CDATA[In Person E Signature]]>
              </value>
            </param>
            <param index="11">
              <value>
                <![CDATA[EFT]]>
              </value>
            </param>
          </params>
          <reporter-output>
          </reporter-output>
        </test-method> <!-- agentQuote -->
        <test-method status="PASS" signature="tearDown(org.testng.ITestResult)[pri:0, instance:com.lco.qa.testcases.AgentWebHomeTest@424e1977]" name="tearDown" is-config="true" duration-ms="6" started-at="2019-03-23T23:30:10Z" finished-at="2019-03-23T23:30:11Z">
          <params>
            <param index="0">
              <value>
                <![CDATA[[TestResult name=agentQuote status=SUCCESS method=AgentWebHomeTest.agentQuote(java.lang.String, java.lang.String, java.lang.String, java.lang.String, java.lang.String, java.lang.String, java.lang.String, java.lang.String, java.lang.String, java.lang.String, java.lang.String, java.lang.String)[pri:0, instance:com.lco.qa.testcases.AgentWebHomeTest@424e1977] output={null}]]]>
              </value>
            </param>
          </params>
          <reporter-output>
          </reporter-output>
        </test-method> <!-- tearDown -->
        <test-method status="PASS" signature="setup()[pri:0, instance:com.lco.qa.testcases.AgentWebHomeTest@424e1977]" name="setup" is-config="true" duration-ms="2985" started-at="2019-03-23T23:30:11Z" finished-at="2019-03-23T23:30:13Z">
          <reporter-output>
          </reporter-output>
        </test-method> <!-- setup -->
        <test-method status="FAIL" signature="agentQuote(java.lang.String, java.lang.String, java.lang.String, java.lang.String, java.lang.String, java.lang.String, java.lang.String, java.lang.String, java.lang.String, java.lang.String, java.lang.String, java.lang.String)[pri:0, instance:com.lco.qa.testcases.AgentWebHomeTest@424e1977]" name="agentQuote" duration-ms="28357" started-at="2019-03-23T23:30:13Z" data-provider="getData" finished-at="2019-03-23T23:30:42Z">
          <params>
            <param index="0">
              <value is-null="true"/>
            </param>
            <param index="1">
              <value is-null="true"/>
            </param>
            <param index="2">
              <value is-null="true"/>
            </param>
            <param index="3">
              <value is-null="true"/>
            </param>
            <param index="4">
              <value is-null="true"/>
            </param>
            <param index="5">
              <value is-null="true"/>
            </param>
            <param index="6">
              <value is-null="true"/>
            </param>
            <param index="7">
              <value is-null="true"/>
            </param>
            <param index="8">
              <value is-null="true"/>
            </param>
            <param index="9">
              <value is-null="true"/>
            </param>
            <param index="10">
              <value is-null="true"/>
            </param>
            <param index="11">
              <value is-null="true"/>
            </param>
          </params>
          <exception class="java.lang.NullPointerException">
            <full-stacktrace>
              <![CDATA[java.lang.NullPointerException
at com.lco.qa.testcases.AgentWebHomeTest.agentQuote(AgentWebHomeTest.java:83)
at sun.reflect.NativeMethodAccessorImpl.invoke0(Native Method)
at sun.reflect.NativeMethodAccessorImpl.invoke(NativeMethodAccessorImpl.java:62)
at sun.reflect.DelegatingMethodAccessorImpl.invoke(DelegatingMethodAccessorImpl.java:43)
at java.lang.reflect.Method.invoke(Method.java:498)
at org.testng.internal.MethodInvocationHelper.invokeMethod(MethodInvocationHelper.java:124)
at org.testng.internal.Invoker.invokeMethod(Invoker.java:583)
at org.testng.internal.Invoker.invokeTestMethod(Invoker.java:719)
at org.testng.internal.Invoker.invokeTestMethods(Invoker.java:989)
at org.testng.internal.TestMethodWorker.invokeTestMethods(TestMethodWorker.java:125)
at org.testng.internal.TestMethodWorker.run(TestMethodWorker.java:109)
at org.testng.TestRunner.privateRun(TestRunner.java:648)
at org.testng.TestRunner.run(TestRunner.java:505)
at org.testng.SuiteRunner.runTest(SuiteRunner.java:455)
at org.testng.SuiteRunner.runSequentially(SuiteRunner.java:450)
at org.testng.SuiteRunner.privateRun(SuiteRunner.java:415)
at org.testng.SuiteRunner.run(SuiteRunner.java:364)
at org.testng.SuiteRunnerWorker.runSuite(SuiteRunnerWorker.java:52)
at org.testng.SuiteRunnerWorker.run(SuiteRunnerWorker.java:84)
at org.testng.TestNG.runSuitesSequentially(TestNG.java:1208)
at org.testng.TestNG.runSuitesLocally(TestNG.java:1137)
at org.testng.TestNG.runSuites(TestNG.java:1049)
at org.testng.TestNG.run(TestNG.java:1017)
at org.testng.remote.AbstractRemoteTestNG.run(AbstractRemoteTestNG.java:114)
at org.testng.remote.RemoteTestNG.initAndRun(RemoteTestNG.java:251)
at org.testng.remote.RemoteTestNG.main(RemoteTestNG.java:77)
]]>
            </full-stacktrace>
          </exception> <!-- java.lang.NullPointerException -->
          <reporter-output>
          </reporter-output>
        </test-method> <!-- agentQuote -->
        <test-method status="PASS" signature="tearDown(org.testng.ITestResult)[pri:0, instance:com.lco.qa.testcases.AgentWebHomeTest@424e1977]" name="tearDown" is-config="true" duration-ms="117" started-at="2019-03-23T23:30:42Z" finished-at="2019-03-23T23:30:42Z">
          <params>
            <param index="0">
              <value>
                <![CDATA[[TestResult name=agentQuote status=FAILURE method=AgentWebHomeTest.agentQuote(java.lang.String, java.lang.String, java.lang.String, java.lang.String, java.lang.String, java.lang.String, java.lang.String, java.lang.String, java.lang.String, java.lang.String, java.lang.String, java.lang.String)[pri:0, instance:com.lco.qa.testcases.AgentWebHomeTest@424e1977] output={null}]]]>
              </value>
            </param>
          </params>
          <reporter-output>
          </reporter-output>
        </test-method> <!-- tearDown -->
      </class> <!-- com.lco.qa.testcases.AgentWebHomeTest -->
    </test> <!-- Default test -->
  </suite> <!-- Default suite -->
</testng-results>
